[Thu, 12. Apr 2018 20:07:07 BST | ID 336869008148135948] tumblegamer: asfdsaf
[Thu, 12. Apr 2018 21:04:52 BST | ID 336869008148135948] tumblegamer: say hi
[Fri, 13. Apr 2018 00:31:30 BST | ID 336869008148135948] tumblegamer: dsgfdsgdf
[Fri, 13. Apr 2018 03:05:44 BST | ID 336869008148135948] tumblegamer: Online
[Fri, 13. Apr 2018 20:45:16 BST | ID 336869008148135948] tumblegamer: Ranks
[Fri, 13. Apr 2018 20:45:28 BST | ID 336869008148135948] tumblegamer: Allranks
[Fri, 13. Apr 2018 20:46:44 BST | ID 336869008148135948] tumblegamer: <@434061705803202562>
[Mon, 16. Apr 2018 17:42:34 BST | ID 373173730668445721] tumble-test: online
[Thu, 19. Apr 2018 08:54:35 BST | ID 336869008148135948] tumblegamer: help advancedbans
[Thu, 19. Apr 2018 08:54:54 BST | ID 336869008148135948] tumblegamer: /?
[Thu, 19. Apr 2018 08:55:07 BST | ID 336869008148135948] tumblegamer: /help
[Thu, 19. Apr 2018 08:55:36 BST | ID 336869008148135948] tumblegamer: help
[Thu, 19. Apr 2018 08:55:57 BST | ID 336869008148135948] tumblegamer: info
[Thu, 19. Apr 2018 08:56:17 BST | ID 336869008148135948] tumblegamer: History Tumblegamrt
[Thu, 19. Apr 2018 08:58:28 BST | ID 336869008148135948] tumblegamer: history TumbleGamer
[Thu, 19. Apr 2018 08:58:46 BST | ID 336869008148135948] tumblegamer: History 2
[Thu, 19. Apr 2018 08:58:56 BST | ID 336869008148135948] tumblegamer: History TumbleGamer 2
[Thu, 19. Apr 2018 09:00:14 BST | ID 336869008148135948] tumblegamer: online
[Thu, 19. Apr 2018 09:01:16 BST | ID 336869008148135948] tumblegamer: discord unlink
[Thu, 19. Apr 2018 09:01:23 BST | ID 336869008148135948] tumblegamer: tg
[Thu, 19. Apr 2018 09:01:32 BST | ID 336869008148135948] tumblegamer: dbw
[Thu, 19. Apr 2018 09:01:42 BST | ID 336869008148135948] tumblegamer: togglesummon
[Thu, 19. Apr 2018 09:04:05 BST | ID 336869008148135948] tumblegamer: Banlist
[Thu, 19. Apr 2018 09:05:04 BST | ID 336869008148135948] tumblegamer: History TumbleGamer
[Thu, 19. Apr 2018 09:06:01 BST | ID 336869008148135948] tumblegamer: ab
[Thu, 19. Apr 2018 09:06:10 BST | ID 336869008148135948] tumblegamer: advancedbans
[Fri, 20. Apr 2018 09:11:09 BST | ID 336869008148135948] tumblegamer: mvlist
[Fri, 20. Apr 2018 09:11:38 BST | ID 336869008148135948] tumblegamer: Mvdelete Suvival_the_end
[Fri, 20. Apr 2018 09:11:51 BST | ID 336869008148135948] tumblegamer: Mvconfirm
[Fri, 20. Apr 2018 09:12:09 BST | ID 336869008148135948] tumblegamer: Mvdelete Suvival_the_end
[Fri, 20. Apr 2018 09:12:14 BST | ID 336869008148135948] tumblegamer: Mvconfirm
[Fri, 20. Apr 2018 09:12:38 BST | ID 336869008148135948] tumblegamer: Restart
[Fri, 20. Apr 2018 09:13:09 BST | ID 336869008148135948] tumblegamer: Mvdelete Suvival_the_end
[Fri, 20. Apr 2018 09:13:15 BST | ID 336869008148135948] tumblegamer: Mvconfirm
[Fri, 20. Apr 2018 09:13:39 BST | ID 336869008148135948] tumblegamer: Mvdelete /?
[Fri, 20. Apr 2018 09:13:50 BST | ID 336869008148135948] tumblegamer: Mvlist
[Fri, 20. Apr 2018 09:14:54 BST | ID 336869008148135948] tumblegamer: Mvdelete Survival_the_end
[Fri, 20. Apr 2018 09:14:58 BST | ID 336869008148135948] tumblegamer: Mvconfirm
[Fri, 20. Apr 2018 09:15:16 BST | ID 336869008148135948] tumblegamer: Restart
[Fri, 20. Apr 2018 11:31:34 BST | ID 336869008148135948] tumblegamer: Restart
[Fri, 20. Apr 2018 11:31:34 BST | ID 159985870458322944] MEE6: GG <@!336869008148135948>, you just advanced to **level 4** !
[Fri, 20. Apr 2018 11:33:13 BST | ID 336869008148135948] tumblegamer: Restart
[Fri, 20. Apr 2018 20:09:37 BST | ID 336869008148135948] tumblegamer: unban TumbleGamer
[Sat, 21. Apr 2018 16:41:33 BST | ID 336869008148135948] tumblegamer: discord reload
[Sat, 21. Apr 2018 17:08:49 BST | ID 336869008148135948] tumblegamer: pex reload
[Sat, 21. Apr 2018 17:44:59 BST | ID 336869008148135948] tumblegamer: pex reload
[Sat, 21. Apr 2018 17:47:39 BST | ID 336869008148135948] tumblegamer: pex reloaf
[Sat, 21. Apr 2018 17:47:44 BST | ID 336869008148135948] tumblegamer: pex reload
[Sat, 21. Apr 2018 18:45:23 BST | ID 336869008148135948] tumblegamer: Pex group employer
[Sat, 21. Apr 2018 19:34:07 BST | ID 336869008148135948] tumblegamer: sudo Drbatmanwho v
[Sat, 21. Apr 2018 19:34:21 BST | ID 336869008148135948] tumblegamer: sudo DrBatmanWho v
[Sat, 21. Apr 2018 21:30:26 BST | ID 336869008148135948] tumblegamer: Online
[Sat, 21. Apr 2018 22:43:33 BST | ID 336869008148135948] tumblegamer: discord setpicture https://lh3.googleusercontent.com/2HgGKZW3PhwMAj62lAgLPQGkvWmlLo8NoGmFfQpqjxk3C1J30cYv-sDWNWIYESI_9ja_Ln3faDcmZwIqWFQzUhmGOJRIjEtsFCQVP1RTvePcYtKHrEG5cUWdQrqRayu_1K8wxITcVcIEfpTnJoyGFRWZDdDWBFcTfNYZ46y3Qzz2wTINn2qaJuuh2YpjUi6qwthZ5avx6T0H8f1axmKAHlsVSaj9OuVBDUZl93BjaGLW9v8NPkmzAJegTeanQI63iwRo6vUK4yg60MYks1-Ux0VkTAqQkndOFDaRtcC3du0M4I0t78pDNFtmqBiiFGwhXq2LqzwfU6J5Q6cjXQ33vVrVGaWkeE9guFxtDU1xOXVDVUkSn_oonQvVEMx6rtlGrd3JLhcv7qagbO-hhlkmAyrfC8yxH55Di2s4uqf-N18jYlijErBNxYV8BhA_J4cT9vngdt84r-o1pNmkPF6SDcZ66LtTKe083f38cGVQx8fbiva6DrxLh_9nryKcN6aW3JH15lQynI-0AZ8UqNoCc_VPnHBQvJmstJpICRBwam4svjtnYoWx6N1ZoWjlNS2XoMO0Qgbcy6q5BWI3C1tb7iZT3GCIFDYi3z2iqDNF=s800-no
[Sat, 21. Apr 2018 22:46:22 BST | ID 336869008148135948] tumblegamer: pex reload
[Sat, 21. Apr 2018 23:38:08 BST | ID 339389188787142656] DBW: hi
[Sun, 22. Apr 2018 00:02:36 BST | ID 336869008148135948] tumblegamer: tp
[Sun, 22. Apr 2018 01:24:10 BST | ID 336869008148135948] tumblegamer: Pex group member add plots.use
[Sun, 22. Apr 2018 01:24:28 BST | ID 336869008148135948] tumblegamer: Online
[Sun, 22. Apr 2018 01:26:13 BST | ID 336869008148135948] tumblegamer: Pex groups member
[Sun, 22. Apr 2018 01:26:27 BST | ID 336869008148135948] tumblegamer: Pex group member
[Sun, 22. Apr 2018 01:27:27 BST | ID 336869008148135948] tumblegamer: Pex group add plots.permpack.basic
[Sun, 22. Apr 2018 01:28:06 BST | ID 336869008148135948] tumblegamer: Pex group member add plots.permpack.basic
[Sun, 22. Apr 2018 01:28:34 BST | ID 336869008148135948] tumblegamer: Pex group member add plots.permpack.basicinbox
[Sun, 22. Apr 2018 01:28:55 BST | ID 336869008148135948] tumblegamer: Pex group vip add plots.permpack.basicflags
[Sun, 22. Apr 2018 13:56:59 BST | ID 373173730668445721] tumble-test: discord reload
[Sun, 22. Apr 2018 13:58:51 BST | ID 373173730668445721] tumble-test: discord ?
[Wed, 25. Apr 2018 00:05:03 BST | ID 336869008148135948] tumblegamer: /mute
[Wed, 25. Apr 2018 00:05:08 BST | ID 336869008148135948] tumblegamer: Mute
[Wed, 25. Apr 2018 00:07:36 BST | ID 336869008148135948] tumblegamer: online
[Wed, 25. Apr 2018 00:10:07 BST | ID 336869008148135948] tumblegamer: Sudo wolfyblox589 c:Place a chest to create a claim.
[Wed, 25. Apr 2018 00:11:08 BST | ID 336869008148135948] tumblegamer: sudo wolfblox589 c:use /kit claim to expand the claim
[Wed, 25. Apr 2018 00:11:47 BST | ID 336869008148135948] tumblegamer: sudo wolfyblox589 c:use /kit claim to expand the claim
[Wed, 25. Apr 2018 00:12:41 BST | ID 336869008148135948] tumblegamer: Time
[Wed, 25. Apr 2018 00:16:46 BST | ID 336869008148135948] tumblegamer: msg wolfyblox589 what permissions do you need as a helper.
[Wed, 25. Apr 2018 00:20:40 BST | ID 336869008148135948] tumblegamer: Pex group helper add bukkit.command.*
[Wed, 25. Apr 2018 00:21:18 BST | ID 336869008148135948] tumblegamer: R you can do /plugins now
[Wed, 25. Apr 2018 00:21:37 BST | ID 336869008148135948] tumblegamer: R also use /r to reply
[Wed, 25. Apr 2018 00:23:29 BST | ID 336869008148135948] tumblegamer: History minitecno
[Wed, 25. Apr 2018 01:52:01 BST | ID 336869008148135948] tumblegamer: Online
[Wed, 25. Apr 2018 01:52:22 BST | ID 336869008148135948] tumblegamer: Pex groups
[Wed, 25. Apr 2018 01:53:16 BST | ID 336869008148135948] tumblegamer: Rank minitecno builder-interview
[Wed, 25. Apr 2018 01:57:59 BST | ID 336869008148135948] tumblegamer: Online
[Wed, 25. Apr 2018 02:03:08 BST | ID 336869008148135948] tumblegamer: Online
[Wed, 25. Apr 2018 02:05:08 BST | ID 336869008148135948] tumblegamer: Sudo untrimmed tpa minitecno
[Wed, 25. Apr 2018 02:05:41 BST | ID 336869008148135948] tumblegamer: Sudo untrimmed tpa minitecno
[Wed, 25. Apr 2018 02:07:52 BST | ID 336869008148135948] tumblegamer: Sudo untrimmed marry minitecno
[Wed, 25. Apr 2018 02:10:03 BST | ID 336869008148135948] tumblegamer: Sudo minitecno marry untrimmed
[Wed, 25. Apr 2018 02:10:39 BST | ID 336869008148135948] tumblegamer: Pex user builder-inerview
[Wed, 25. Apr 2018 02:11:19 BST | ID 336869008148135948] tumblegamer: Pex group builder-interview
[Sun, 29. Apr 2018 16:01:46 BST | ID 336869008148135948] tumblegamer: online
[Wed, 2. May 2018 08:57:36 BST | ID 336869008148135948] tumblegamer: Online
[Fri, 4. May 2018 10:51:10 BST | ID 336869008148135948] tumblegamer: online
[Sat, 5. May 2018 02:57:36 BST | ID 336869008148135948] tumblegamer: admin Skeppy
[Tue, 8. May 2018 15:49:58 BST | ID 336869008148135948] tumblegamer: troll clear Drbatmanwnho
[Tue, 8. May 2018 15:50:10 BST | ID 336869008148135948] tumblegamer: troll clear Drbatmanwho
[Tue, 8. May 2018 15:50:25 BST | ID 336869008148135948] tumblegamer: troll stop Drbatmanwho
[Tue, 8. May 2018 16:14:43 BST | ID 336869008148135948] tumblegamer: sudo drbatmanwho summon wolf
[Tue, 8. May 2018 16:14:44 BST | ID 336869008148135948] tumblegamer: sudo drbatmanwho summon wolf
[Tue, 8. May 2018 16:14:44 BST | ID 336869008148135948] tumblegamer: sudo drbatmanwho summon wolf
[Tue, 8. May 2018 16:14:59 BST | ID 336869008148135948] tumblegamer: i drbatmanwho anvil
[Tue, 8. May 2018 16:15:28 BST | ID 336869008148135948] tumblegamer: sudo drbatmanwho summon wolf
[Tue, 8. May 2018 16:15:58 BST | ID 336869008148135948] tumblegamer: spawn drbatmanwho
[Tue, 8. May 2018 21:58:41 BST | ID 336869008148135948] tumblegamer: discord setimage https://lh3.googleusercontent.com/1TyVAm3wLl-YT-67Lh1ASpNpz8lXMKZgfvrCe7NaNMqE4EwkyLq77_D2WUnT9kw0zapqSE3H8kYK7-SwrLj5VELKyDM4ix0_q95coZGsA96klr__39TBu1MLpmeSSZ_wRcRqQtynANhZJ0acfVviK2sozZV6_n61H1E7P537H3HjbcFEmIJ7cRkLlI9JOdejl4KAuIiQnU3OBxGub4A7xOdqlRHvPlVS9sAwH9swvuAFprJtUYTAAofCVLG5TGQjwD2reiPsEwbHCN3hjs2DMnQ1F3czdXIyErD0vzkqk8ncmy6AMFzsK2lz2F7OXIIBJWufKkJFm170TK63xKONn26SjOUvyjX7NDI_lKvP1fa-6d_n_KjkaQIU7BADRxtxor-PkfWAjkM-E0TeZJ0tpntBhFK0f3ffJTRV_AuaJXsiWR4Y_wzVh7c43KXmmAnUoq_fmz2Un9rUnIltGVObIti_9lyLrxp1V4h1l6tDpI6CQcve0LvRkeAOgqg34M1eVxxFMzZl3t49XEe6dbqoMWyifcaV-aeWCzgGVvZg1R_Qxp77iz7zOl1qCQWnS1i0Ad5Pu6KrUtLDdQZHCzIiJ8VhCVvZnEsYQopEbPfE=s676-no
[Tue, 8. May 2018 21:59:01 BST | ID 336869008148135948] tumblegamer: discord setpicture https://lh3.googleusercontent.com/1TyVAm3wLl-YT-67Lh1ASpNpz8lXMKZgfvrCe7NaNMqE4EwkyLq77_D2WUnT9kw0zapqSE3H8kYK7-SwrLj5VELKyDM4ix0_q95coZGsA96klr__39TBu1MLpmeSSZ_wRcRqQtynANhZJ0acfVviK2sozZV6_n61H1E7P537H3HjbcFEmIJ7cRkLlI9JOdejl4KAuIiQnU3OBxGub4A7xOdqlRHvPlVS9sAwH9swvuAFprJtUYTAAofCVLG5TGQjwD2reiPsEwbHCN3hjs2DMnQ1F3czdXIyErD0vzkqk8ncmy6AMFzsK2lz2F7OXIIBJWufKkJFm170TK63xKONn26SjOUvyjX7NDI_lKvP1fa-6d_n_KjkaQIU7BADRxtxor-PkfWAjkM-E0TeZJ0tpntBhFK0f3ffJTRV_AuaJXsiWR4Y_wzVh7c43KXmmAnUoq_fmz2Un9rUnIltGVObIti_9lyLrxp1V4h1l6tDpI6CQcve0LvRkeAOgqg34M1eVxxFMzZl3t49XEe6dbqoMWyifcaV-aeWCzgGVvZg1R_Qxp77iz7zOl1qCQWnS1i0Ad5Pu6KrUtLDdQZHCzIiJ8VhCVvZnEsYQopEbPfE=s676-no
[Fri, 11. May 2018 20:05:56 BST | ID 336869008148135948] tumblegamer: Online
[Tue, 15. May 2018 08:59:18 BST | ID 336869008148135948] tumblegamer: discord help
[Tue, 15. May 2018 09:00:21 BST | ID 336869008148135948] tumblegamer: discord setpicture https://lh3.googleusercontent.com/bWVb74PlI-E-9GnlpPHmOqz52RyEEMIoOxRGNjVVL6BXx0cMIK6xr8McN2RLHUHwu0NYzHI-dDvZtze-2u9BTrFK3lGtr225pKBLxAjiDpOEUPiTaBOT4ipGe6PEhGD6qe0np3xm3dBU5_tDTeU4sKcF3vfKvdOrthJVRwKY_SJMyW5_0H3zwR5-uzR3N7FGlOEVGGHP_gYGvZ1jReYbQK7ZYOdVvRVBbDfa1boMRmnMx4XsbDKXiJDuP_6JKXCZPE91xIX45WGyqi3QqH9cVCbuRkjnLMUS3lOFi9RdKmMvQH8-TEMZljB0QIe4R0dAFqu6FoUnfKPZ1TWFGIEOFRK0hBlhMRPmpPacDqJrg7ebwjrEfe7maE4owGrk8i9cp-nkYSXTllTNXyA6AvemyTtxZsh-IQpN-i4Rqup3kogYi-6I48HnItC2XrctYIdYI-xfuXlbbKb49Qcc25uebWJmMfClMw3qJH8ejkK2ZnnAU94Tx49TyMWJ_HmBrIRIOObb_dLNadeYk4DV8oVK2JHDc2l9M9QZoomomLdJ8ESNrFy-qxUKvvJndLT5BXmBvTpmBmFlNg2_fraMqqBolPfHGMF2FvpK1Tkf3dSB=s800-no
[Tue, 15. May 2018 11:01:49 BST | ID 336869008148135948] tumblegamer: helper Triple_Craft
[Fri, 18. May 2018 19:34:48 BST | ID 336869008148135948] tumblegamer: say yay
[Sat, 19. May 2018 17:19:41 BST | ID 336869008148135948] tumblegamer: hello?
[Sat, 19. May 2018 17:20:21 BST | ID 336869008148135948] tumblegamer: say hello?
[Sun, 20. May 2018 21:28:37 BST | ID 336869008148135948] tumblegamer: online
[Mon, 21. May 2018 01:41:58 BST | ID 336869008148135948] tumblegamer: <@&447045670126485505>
[Mon, 21. May 2018 12:20:16 BST | ID 336869008148135948] tumblegamer: <@&447050858866278402>
[Mon, 21. May 2018 20:18:09 BST | ID 336869008148135948] tumblegamer: <@&447048339179962373> <@&447048289326727177> <@&447048623671214080> <@&447048965179965450> <@&447049362674024458> <@&447044657877090304> <@&447044714110255114>  <@&447047765667872768> <@&447054255606726686> <@&447045670126485505>  <@&447048353063370763>
[Mon, 21. May 2018 20:20:23 BST | ID 336869008148135948] tumblegamer: <@&447046714512375819>
[Tue, 22. May 2018 01:30:13 BST | ID 336869008148135948] tumblegamer: online
[Wed, 23. May 2018 17:58:33 BST | ID 336869008148135948] tumblegamer: mod GreyWolf92
[Wed, 23. May 2018 17:59:34 BST | ID 336869008148135948] tumblegamer: say your mod now
[Sun, 27. May 2018 17:32:17 BST | ID 336869008148135948] tumblegamer: online
[Tue, 29. May 2018 10:46:11 BST | ID 336869008148135948] tumblegamer: History tripple_craft_8
[Tue, 29. May 2018 10:46:21 BST | ID 336869008148135948] tumblegamer: History
[Tue, 29. May 2018 10:46:29 BST | ID 336869008148135948] tumblegamer: Bans
[Thu, 31. May 2018 11:14:28 BST | ID 336869008148135948] tumblegamer: Pex user
[Thu, 31. May 2018 11:17:51 BST | ID 336869008148135948] tumblegamer: rank tripple_craft helper
[Thu, 31. May 2018 11:18:09 BST | ID 336869008148135948] tumblegamer: Px userpex user
[Thu, 31. May 2018 11:18:20 BST | ID 336869008148135948] tumblegamer: Pex user
[Thu, 31. May 2018 11:18:49 BST | ID 336869008148135948] tumblegamer: Unrank tripple_craft
[Thu, 31. May 2018 11:19:03 BST | ID 336869008148135948] tumblegamer: Rank triple_craft helper
[Thu, 31. May 2018 11:19:28 BST | ID 336869008148135948] tumblegamer: Sudo triple_craft c:test
[Thu, 31. May 2018 11:20:25 BST | ID 336869008148135948] tumblegamer: Say you should be helper now maybe?
[Thu, 31. May 2018 11:20:42 BST | ID 336869008148135948] tumblegamer: Say do /help
[Thu, 31. May 2018 22:17:16 BST | ID 336869008148135948] tumblegamer: rank i_am_Choi_Boy jrmod
[Thu, 31. May 2018 22:17:23 BST | ID 336869008148135948] tumblegamer: pex user i_am_Choi_Boy
[Fri, 1. Jun 2018 14:31:45 BST | ID 336869008148135948] tumblegamer: rank  i_am_Choi_Boy  jrmod
[Fri, 1. Jun 2018 14:32:01 BST | ID 336869008148135948] tumblegamer: rank  i_am_Choi_Boy  jrmod
[Fri, 1. Jun 2018 14:32:15 BST | ID 336869008148135948] tumblegamer: rank  i_am_Choi_Boy jrmod
[Fri, 1. Jun 2018 14:32:25 BST | ID 336869008148135948] tumblegamer: rank
[Fri, 1. Jun 2018 14:32:35 BST | ID 336869008148135948] tumblegamer: pex user  i_am_Choi_Boy
[Fri, 1. Jun 2018 14:32:50 BST | ID 336869008148135948] tumblegamer: pex
[Fri, 1. Jun 2018 14:33:08 BST | ID 336869008148135948] tumblegamer: pex user  i_am_Choi_Boy
[Fri, 1. Jun 2018 14:33:18 BST | ID 336869008148135948] tumblegamer: i_am_Choi_Boy
[Fri, 1. Jun 2018 14:33:28 BST | ID 336869008148135948] tumblegamer: pex user
[Sat, 2. Jun 2018 21:56:00 BST | ID 336869008148135948] tumblegamer: history triple_craft
[Sat, 2. Jun 2018 23:13:01 BST | ID 336869008148135948] tumblegamer: rank Triple_Craft_2 helper
[Sat, 2. Jun 2018 23:13:09 BST | ID 336869008148135948] tumblegamer: sudo Triple_Craft_2 c:test
[Sat, 2. Jun 2018 23:17:21 BST | ID 336869008148135948] tumblegamer: rank triple_craft jrmod
[Sat, 2. Jun 2018 23:17:32 BST | ID 336869008148135948] tumblegamer: sudo triple_craft c:test
[Sat, 2. Jun 2018 23:17:46 BST | ID 336869008148135948] tumblegamer: sudo triple_craft c:test
[Sat, 2. Jun 2018 23:22:55 BST | ID 336869008148135948] tumblegamer: sudo ** discord link
[Sat, 2. Jun 2018 23:23:22 BST | ID 336869008148135948] tumblegamer: sudo Triple_Craft discord link
[Sat, 2. Jun 2018 23:23:37 BST | ID 336869008148135948] tumblegamer: sudo Triple_Craft_2 discord link
[Sat, 2. Jun 2018 23:31:13 BST | ID 336869008148135948] tumblegamer: spawn *
[Sun, 3. Jun 2018 14:51:37 BST | ID 336869008148135948] tumblegamer: rank Flomish dev
[Sun, 3. Jun 2018 14:51:44 BST | ID 336869008148135948] tumblegamer: pex reload
[Sun, 3. Jun 2018 14:52:33 BST | ID 336869008148135948] tumblegamer: rank Flomich dev
[Sun, 3. Jun 2018 21:26:05 BST | ID 336869008148135948] tumblegamer: Region addmember shop triple_craft_2
[Sun, 3. Jun 2018 21:26:37 BST | ID 336869008148135948] tumblegamer: Region addmember shop triple_craft_2 -w Survival
[Sun, 3. Jun 2018 21:26:44 BST | ID 336869008148135948] tumblegamer: Say try now
[Sun, 3. Jun 2018 21:27:45 BST | ID 336869008148135948] tumblegamer: Say I did /region addmember shop triple_craft_2
[Sun, 3. Jun 2018 21:29:12 BST | ID 336869008148135948] tumblegamer: Give triple_craft_2 barriorblock
[Sun, 3. Jun 2018 21:29:29 BST | ID 336869008148135948] tumblegamer: Give triple_craft_2 barrior_block
[Sun, 3. Jun 2018 21:30:14 BST | ID 336869008148135948] tumblegamer: Give triple_craft_2 barrior
[Sun, 3. Jun 2018 21:30:28 BST | ID 336869008148135948] tumblegamer: Give triple_craft_2 barrier
[Sun, 3. Jun 2018 21:31:09 BST | ID 336869008148135948] tumblegamer: Say next time use /i barrier
[Sun, 3. Jun 2018 21:31:52 BST | ID 336869008148135948] tumblegamer: gmc triple_craft_2
[Mon, 4. Jun 2018 02:35:40 BST | ID 336869008148135948] tumblegamer: unban ShingoriTokira
[Tue, 5. Jun 2018 18:26:00 BST | ID 336869008148135948] tumblegamer: online
[Thu, 7. Jun 2018 20:17:21 BST | ID 336869008148135948] tumblegamer: rank InfaReQt musician
[Thu, 7. Jun 2018 20:17:26 BST | ID 336869008148135948] tumblegamer: pex rank
[Thu, 7. Jun 2018 20:17:31 BST | ID 336869008148135948] tumblegamer: pex ranks
[Thu, 7. Jun 2018 20:17:41 BST | ID 336869008148135948] tumblegamer: rex groups
[Thu, 7. Jun 2018 20:17:45 BST | ID 336869008148135948] tumblegamer: pex groups
[Thu, 7. Jun 2018 20:18:09 BST | ID 336869008148135948] tumblegamer: pex groups musician create
[Thu, 7. Jun 2018 20:18:41 BST | ID 336869008148135948] tumblegamer: unrank InfaReQt
[Thu, 7. Jun 2018 20:18:49 BST | ID 336869008148135948] tumblegamer: say do /discord link
[Sat, 9. Jun 2018 01:47:09 BST | ID 336869008148135948] tumblegamer: Say .
[Mon, 11. Jun 2018 01:46:16 BST | ID 336869008148135948] tumblegamer: owner HoiDoi
[Mon, 11. Jun 2018 01:46:52 BST | ID 336869008148135948] tumblegamer: Unrank hoidoi
[Mon, 11. Jun 2018 01:47:47 BST | ID 336869008148135948] tumblegamer: Owner hoidoi
[Mon, 11. Jun 2018 01:48:26 BST | ID 336869008148135948] tumblegamer: Say enjoy yourself for 10 seconds
[Mon, 11. Jun 2018 01:48:55 BST | ID 336869008148135948] tumblegamer: Unrank hoidoi
[Mon, 11. Jun 2018 01:49:02 BST | ID 336869008148135948] tumblegamer: Say 10 seconds up
[Mon, 11. Jun 2018 01:49:13 BST | ID 336869008148135948] tumblegamer: gamemode 0 hoidoi
[Tue, 12. Jun 2018 01:15:48 BST | ID 336869008148135948] tumblegamer: vip hoidoi
[Tue, 12. Jun 2018 01:16:27 BST | ID 336869008148135948] tumblegamer: rank hoidoi vip
[Tue, 12. Jun 2018 01:22:26 BST | ID 336869008148135948] tumblegamer: Rank doihoi vip
[Tue, 12. Jun 2018 01:23:21 BST | ID 336869008148135948] tumblegamer: kit diamond dohoi
[Tue, 12. Jun 2018 01:24:23 BST | ID 336869008148135948] tumblegamer: Give hoidoi shears
[Tue, 12. Jun 2018 01:25:23 BST | ID 336869008148135948] tumblegamer: sudo hoidoi friend add doihoi
[Tue, 12. Jun 2018 01:28:18 BST | ID 336869008148135948] tumblegamer: Nick _Pvp_Master_606 _Pvp_Failure_666
[Tue, 12. Jun 2018 01:30:27 BST | ID 336869008148135948] tumblegamer: sudo hoidoi c:Hola, mi idiamas no es ingles.
[Tue, 12. Jun 2018 01:32:44 BST | ID 336869008148135948] tumblegamer: Heal HoiDoi
[Tue, 12. Jun 2018 01:34:38 BST | ID 336869008148135948] tumblegamer: sudo HoiDoi marry DoiHoi
[Tue, 12. Jun 2018 02:50:35 BST | ID 336869008148135948] tumblegamer: restart
[Thu, 14. Jun 2018 02:22:17 BST | ID 336869008148135948] tumblegamer: History _Pvp_master_606
[Thu, 14. Jun 2018 02:23:50 BST | ID 336869008148135948] tumblegamer: TmpBan _pvp_master_606 30d
[Thu, 14. Jun 2018 02:23:56 BST | ID 336869008148135948] tumblegamer: ban
[Thu, 14. Jun 2018 02:24:10 BST | ID 336869008148135948] tumblegamer: tmpban
[Thu, 14. Jun 2018 02:24:17 BST | ID 336869008148135948] tumblegamer: Bantmp
[Thu, 14. Jun 2018 02:24:27 BST | ID 336869008148135948] tumblegamer: Help ban
[Thu, 14. Jun 2018 02:24:49 BST | ID 336869008148135948] tumblegamer: Spawn _pvp
[Thu, 14. Jun 2018 02:25:12 BST | ID 336869008148135948] tumblegamer: Spawn _pvp
[Thu, 14. Jun 2018 02:25:20 BST | ID 336869008148135948] tumblegamer: Freeze
[Thu, 14. Jun 2018 02:25:43 BST | ID 336869008148135948] tumblegamer: Spawn _pvp
[Thu, 14. Jun 2018 02:26:02 BST | ID 336869008148135948] tumblegamer: Freese _pvp
[Thu, 14. Jun 2018 02:26:35 BST | ID 336869008148135948] tumblegamer: /sm
[Thu, 14. Jun 2018 02:26:35 BST | ID 445218393163825152] TumbleNet: Invalid command: `/sm`
[Thu, 14. Jun 2018 02:26:41 BST | ID 336869008148135948] tumblegamer: ?help
[Thu, 14. Jun 2018 02:27:06 BST | ID 336869008148135948] tumblegamer: /help
[Thu, 14. Jun 2018 02:27:06 BST | ID 445218393163825152] TumbleNet: **Commands**
```
 /ping
 /say
 /help
 /apply
 /vote
 /log
 /syncroles
 /interview
 /accept
 /deny
```
[Thu, 14. Jun 2018 02:27:10 BST | ID 336869008148135948] tumblegamer: Help
[Thu, 14. Jun 2018 02:27:35 BST | ID 336869008148135948] tumblegamer: Spawn _
[Thu, 14. Jun 2018 02:28:13 BST | ID 336869008148135948] tumblegamer: Jail
[Thu, 14. Jun 2018 02:28:26 BST | ID 336869008148135948] tumblegamer: Jaillist
[Thu, 14. Jun 2018 02:28:40 BST | ID 336869008148135948] tumblegamer: Help jail
[Thu, 14. Jun 2018 02:29:00 BST | ID 336869008148135948] tumblegamer: Jail _pvp
[Thu, 14. Jun 2018 02:29:15 BST | ID 336869008148135948] tumblegamer: Listjails
[Thu, 14. Jun 2018 02:29:19 BST | ID 336869008148135948] tumblegamer: Jails
[Thu, 14. Jun 2018 02:29:40 BST | ID 336869008148135948] tumblegamer: Createjail
[Thu, 14. Jun 2018 02:36:43 BST | ID 336869008148135948] tumblegamer: msg hoidoi are you Don Cheadle
[Thu, 14. Jun 2018 02:37:40 BST | ID 336869008148135948] tumblegamer: msg do you know doihoi (more than just on this server)?
[Thu, 14. Jun 2018 02:38:03 BST | ID 336869008148135948] tumblegamer: /r ok
[Thu, 14. Jun 2018 02:38:04 BST | ID 445218393163825152] TumbleNet: Invalid command: `/r ok`
[Thu, 14. Jun 2018 02:38:05 BST | ID 336869008148135948] tumblegamer: r ok
[Thu, 14. Jun 2018 02:38:53 BST | ID 336869008148135948] tumblegamer: r also before i did /msg [text] and didnt type the name and it treated it like /r
[Thu, 14. Jun 2018 02:41:17 BST | ID 336869008148135948] tumblegamer: Sudo hoidoi c:is this ability useful?
[Thu, 14. Jun 2018 02:42:48 BST | ID 336869008148135948] tumblegamer: Sudo hoidoi msg hoidoi the ability to impersinate people?
[Thu, 14. Jun 2018 02:43:00 BST | ID 336869008148135948] tumblegamer: Socialspy
[Thu, 14. Jun 2018 02:43:58 BST | ID 336869008148135948] tumblegamer: Say i set you as vip
[Thu, 14. Jun 2018 02:45:08 BST | ID 336869008148135948] tumblegamer: Say no reason really
[Thu, 14. Jun 2018 02:46:21 BST | ID 336869008148135948] tumblegamer: Say Also did you know you can message the console without having it msg you first
[Thu, 14. Jun 2018 02:47:12 BST | ID 336869008148135948] tumblegamer: Msg hoidoi you know this msg thing?
[Thu, 14. Jun 2018 02:48:06 BST | ID 336869008148135948] tumblegamer: Say you can do /msg console [massage]
[Thu, 14. Jun 2018 02:51:29 BST | ID 336869008148135948] tumblegamer: Say also its weird, this thing comes under two names &5Seerver&r and &7Console&r and its sometimes counted as a player and sometimes not.
[Thu, 14. Jun 2018 02:52:02 BST | ID 336869008148135948] tumblegamer: Say did that come through as color?
[Thu, 14. Jun 2018 02:52:58 BST | ID 336869008148135948] tumblegamer: R i jailed him (stuck in an area) but then they left)
[Thu, 14. Jun 2018 02:54:11 BST | ID 336869008148135948] tumblegamer: R depends on how jails work
[Thu, 14. Jun 2018 02:55:39 BST | ID 336869008148135948] tumblegamer: R i made a jail above spawn, even if they break the cosmetic jail structure i built they should be stuck in that general area and get tped to the center every so often
[Thu, 14. Jun 2018 03:18:27 BST | ID 336869008148135948] tumblegamer: unban _Pvp_master_606
[Thu, 14. Jun 2018 03:19:43 BST | ID 336869008148135948] tumblegamer: msg _pvp Now think carefully...
[Fri, 15. Jun 2018 22:30:59 BST | ID 336869008148135948] tumblegamer: mod Kyeee
[Mon, 18. Jun 2018 23:56:21 BST | ID 336869008148135948] tumblegamer: give BugerKingRules diamond 100
[Mon, 18. Jun 2018 23:59:34 BST | ID 336869008148135948] tumblegamer: sudo BugerKingRules sethome
[Mon, 18. Jun 2018 23:59:52 BST | ID 336869008148135948] tumblegamer: sudo BurgerKingRules sethome
[Tue, 19. Jun 2018 00:00:47 BST | ID 336869008148135948] tumblegamer: give BugerKingRules diamond 100
[Tue, 19. Jun 2018 00:01:06 BST | ID 336869008148135948] tumblegamer: give BurgerKingRules diamond 100
[Wed, 20. Jun 2018 16:48:49 BST | ID 336869008148135948] tumblegamer: rank HoiDoi jrmod
[Sun, 24. Jun 2018 17:18:30 BST | ID 336869008148135948] tumblegamer: say hello?
[Mon, 25. Jun 2018 21:46:51 BST | ID 336869008148135948] tumblegamer: helper doihoi
[Tue, 3. Jul 2018 09:05:35 BST | ID 336869008148135948] tumblegamer: /warn Nokon_ Watch your language.
[Tue, 3. Jul 2018 09:05:35 BST | ID 445218393163825152] TumbleNet: Invalid command: `/warn Nokon_ Watch your language.`
[Tue, 3. Jul 2018 09:05:45 BST | ID 336869008148135948] tumblegamer: warn Nokon_ Watch your language.
[Thu, 12. Jul 2018 01:30:29 BST | ID 336869008148135948] tumblegamer: give improbablyhigh iron_ore 3
[Sun, 15. Jul 2018 21:26:15 BST | ID 336869008148135948] tumblegamer: fly spike10001
[Mon, 23. Jul 2018 16:24:25 BST | ID 336869008148135948] tumblegamer: tmpban
[Mon, 23. Jul 2018 16:24:31 BST | ID 336869008148135948] tumblegamer: help ab
[Tue, 24. Jul 2018 18:53:53 BST | ID 336869008148135948] tumblegamer: tempban exp 30d griefing
[Tue, 24. Jul 2018 18:54:59 BST | ID 336869008148135948] tumblegamer: ban EXP 30d Fly hacking and Griefing
[Wed, 29. Aug 2018 18:49:47 BST | ID 336869008148135948] TumbleGamer: /help
[Wed, 29. Aug 2018 18:49:47 BST | ID 445218393163825152] TumbleNet: **Commands**
```
 /ping
 /say
 /help
 /apply
 /vote
 /log
 /syncroles
 /interview
 /accept
 /deny
```
[Wed, 29. Aug 2018 18:59:01 BST | ID 336869008148135948] TumbleGamer: plugman info viaversion
[Wed, 29. Aug 2018 19:09:42 BST | ID 336869008148135948] TumbleGamer: plugman info viaversion
