#
# There is insufficient memory for the Java Runtime Environment to continue.
# Native memory allocation (mmap) failed to map 134217728 bytes for Failed to commit area from 0x00000000192f0000 to 0x00000000212f0000 of length 134217728.
# Possible reasons:
#   The system is out of physical RAM or swap space
#   In 32 bit mode, the process size limit was hit
# Possible solutions:
#   Reduce memory load on the system
#   Increase physical memory or swap space
#   Check if swap backing store is full
#   Use 64 bit Java on a 64 bit OS
#   Decrease Java heap size (-Xmx/-Xms)
#   Decrease number of Java threads
#   Decrease Java thread stack sizes (-Xss)
#   Set larger code cache with -XX:ReservedCodeCacheSize=
# This output file may be truncated or incomplete.
#
#  Out of Memory Error (os_windows.cpp:3331), pid=41028, tid=0x0000000000005f14
#
# JRE version:  (8.0_161-b12) (build )
# Java VM: Java HotSpot(TM) 64-Bit Server VM (25.161-b12 mixed mode windows-amd64 compressed oops)
# Failed to write core dump. Minidumps are not enabled by default on client versions of Windows
#

---------------  T H R E A D  ---------------

Current thread (0x000000000495d800):  JavaThread "Unknown thread" [_thread_in_vm, id=24340, stack(0x00000000049d0000,0x0000000004ad0000)]

Stack: [0x00000000049d0000,0x0000000004ad0000]
[error occurred during error reporting (printing stack bounds), id 0xc0000005]

Native frames: (J=compiled Java code, j=interpreted, Vv=VM code, C=native code)


---------------  P R O C E S S  ---------------

Java Threads: ( => current thread )

Other Threads:

=>0x000000000495d800 (exited) JavaThread "Unknown thread" [_thread_in_vm, id=24340, stack(0x00000000049d0000,0x0000000004ad0000)]

VM state:not at safepoint (not fully initialized)

VM Mutex/Monitor currently owned by a thread:  ([mutex/lock_event])
[0x0000000004ad0ed0] Heap_lock - owner thread: 0x000000000495d800

GC Heap History (0 events):
No events

Deoptimization events (0 events):
No events

Classes redefined (0 events):
No events

Internal exceptions (0 events):
No events

Events (0 events):
No events


Dynamic libraries:
0x00007ff7b76d0000 - 0x00007ff7b7707000 	C:\ProgramData\Oracle\Java\javapath\java.exe
0x00007ff826b80000 - 0x00007ff826d60000 	C:\WINDOWS\SYSTEM32\ntdll.dll
0x00007ff8240e0000 - 0x00007ff82418e000 	C:\WINDOWS\System32\KERNEL32.DLL
0x00007ff823ac0000 - 0x00007ff823d26000 	C:\WINDOWS\System32\KERNELBASE.dll
0x00007ff824620000 - 0x00007ff8246c1000 	C:\WINDOWS\System32\ADVAPI32.dll
0x00007ff825130000 - 0x00007ff8251cd000 	C:\WINDOWS\System32\msvcrt.dll
0x00007ff824990000 - 0x00007ff8249eb000 	C:\WINDOWS\System32\sechost.dll
0x00007ff824870000 - 0x00007ff82498f000 	C:\WINDOWS\System32\RPCRT4.dll
0x00007ff824330000 - 0x00007ff8244bf000 	C:\WINDOWS\System32\USER32.dll
0x00007ff823aa0000 - 0x00007ff823ac0000 	C:\WINDOWS\System32\win32u.dll
0x00007ff8240b0000 - 0x00007ff8240d8000 	C:\WINDOWS\System32\GDI32.dll
0x00007ff823e30000 - 0x00007ff823fc3000 	C:\WINDOWS\System32\gdi32full.dll
0x00007ff822f80000 - 0x00007ff82301b000 	C:\WINDOWS\System32\msvcp_win.dll
0x00007ff823d30000 - 0x00007ff823e26000 	C:\WINDOWS\System32\ucrtbase.dll
0x00007ff8173b0000 - 0x00007ff817619000 	C:\WINDOWS\WinSxS\amd64_microsoft.windows.common-controls_6595b64144ccf1df_6.0.16299.309_none_15cfd4c4935e6b11\COMCTL32.dll
0x00007ff824aa0000 - 0x00007ff824da8000 	C:\WINDOWS\System32\combase.dll
0x00007ff823fd0000 - 0x00007ff824042000 	C:\WINDOWS\System32\bcryptPrimitives.dll
0x00007ff824190000 - 0x00007ff8241bd000 	C:\WINDOWS\System32\IMM32.DLL
0x0000000069180000 - 0x0000000069252000 	C:\Program Files\Java\jre1.8.0_161\bin\msvcr100.dll
0x0000000069340000 - 0x0000000069bdf000 	C:\Program Files\Java\jre1.8.0_161\bin\server\jvm.dll
0x00007ff8252b0000 - 0x00007ff8252b8000 	C:\WINDOWS\System32\PSAPI.DLL
0x00007ff81b610000 - 0x00007ff81b619000 	C:\WINDOWS\SYSTEM32\WSOCK32.dll
0x00007ff814d00000 - 0x00007ff814d23000 	C:\WINDOWS\SYSTEM32\WINMM.dll
0x00007ff81cad0000 - 0x00007ff81cada000 	C:\WINDOWS\SYSTEM32\VERSION.dll
0x00007ff8244d0000 - 0x00007ff82453c000 	C:\WINDOWS\System32\WS2_32.dll
0x00007ff814cd0000 - 0x00007ff814cfa000 	C:\WINDOWS\SYSTEM32\WINMMBASE.dll
0x00007ff8237d0000 - 0x00007ff82381a000 	C:\WINDOWS\System32\cfgmgr32.dll
0x0000000069330000 - 0x000000006933f000 	C:\Program Files\Java\jre1.8.0_161\bin\verify.dll
0x0000000069300000 - 0x0000000069329000 	C:\Program Files\Java\jre1.8.0_161\bin\java.dll
0x00000000692e0000 - 0x00000000692f6000 	C:\Program Files\Java\jre1.8.0_161\bin\zip.dll

VM Arguments:
jvm_args: -Xmx8G -Xms8G -XX:+AlwaysPreTouch -XX:+DisableExplicitGC -XX:+UseG1GC -XX:+UnlockExperimentalVMOptions -XX:MaxGCPauseMillis=45 -XX:TargetSurvivorRatio=90 -XX:G1NewSizePercent=50 -XX:G1MaxNewSizePercent=80 -XX:InitiatingHeapOccupancyPercent=10 -XX:G1MixedGCLiveThresholdPercent=50 -XX:+AggressiveOpts 
java_command: paperspigot.jar
java_class_path (initial): paperspigot.jar
Launcher Type: SUN_STANDARD

Environment Variables:
PATH=C:\ProgramData\Oracle\Java\javapath;C:\WINDOWS\system32;C:\WINDOWS;C:\WINDOWS\System32\Wbem;C:\WINDOWS\System32\WindowsPowerShell\v1.0\;C:\Program Files\nodejs\;C:\Program Files\dotnet\;C:\Ruby24-x64\bin;E:\Users\Tumble\AppData\Local\Microsoft\WindowsApps;e:\Users\Tumble\AppData\Roaming\npm;E:\Users\Tumble\AppData\Local\GitHubDesktop\bin;E:\Users\Tumble\AppData\Local\atom\bin;E:\Users\Tumble\AppData\Local\Programs\Git\cmd
USERNAME=Tumble
OS=Windows_NT
PROCESSOR_IDENTIFIER=Intel64 Family 6 Model 158 Stepping 10, GenuineIntel



---------------  S Y S T E M  ---------------

OS: Windows 10.0 , 64 bit Build 16299 (10.0.16299.15)

CPU:total 6 (initial active 6) (6 cores per cpu, 1 threads per core) family 6 model 158 stepping 10, cmov, cx8, fxsr, mmx, sse, sse2, sse3, ssse3, sse4.1, sse4.2, popcnt, avx, avx2, aes, clmul, erms, 3dnowpref, lzcnt, tsc, tscinvbit, bmi1, bmi2, adx

Memory: 4k page, physical 16721960k(2028564k free), swap 22226524k(71080k free)

vm_info: Java HotSpot(TM) 64-Bit Server VM (25.161-b12) for windows-amd64 JRE (1.8.0_161-b12), built on Dec 19 2017 17:52:25 by "java_re" with MS VC++ 10.0 (VS2010)

time: Thu Apr 05 21:47:25 2018
elapsed time: 3 seconds (0d 0h 0m 3s)

