[12:12:02] [Server thread/INFO]: Starting minecraft server version 1.12.2
[12:12:02] [Server thread/INFO]: Loading properties
[12:12:02] [Server thread/INFO]: Default game type: SURVIVAL
[12:12:02] [Server thread/INFO]: This server is running Paper version git-Paper-1383 (MC: 1.12.2) (Implementing API version 1.12.2-R0.1-SNAPSHOT)
[12:12:03] [Server thread/INFO]: Debug logging is disabled
[12:12:03] [Server thread/INFO]: Server Ping Player Sample Count: 12
[12:12:03] [Server thread/INFO]: Using 4 threads for Netty based IO
[12:12:03] [Server thread/INFO]: Generating keypair
[12:12:03] [Server thread/INFO]: Starting Minecraft server on *:25565
[12:12:04] [Server thread/INFO]: Set PluginClassLoader as parallel capable
[12:12:05] [Server thread/INFO]: [github.scarsz.discordsrv.dependencies.reflections.Reflections] Reflections took 376 ms to scan 14 urls, producing 13 keys and 21 values 
[12:12:05] [Server thread/INFO]: [Wild] Loading Wild v3.13.1
[12:12:05] [Server thread/INFO]: [ClearLag] Loading ClearLag v2.9.7
[12:12:05] [Server thread/INFO]: [TumbleCraftAdminSummon] Loading TumbleCraftAdminSummon v1.0
[12:12:05] [Server thread/INFO]: [PlugMan] Loading PlugMan v2.1.4
[12:12:05] [Server thread/INFO]: [AdvancedBan] Loading AdvancedBan v2.1.4-RELEASE
[12:12:05] [Server thread/INFO]: [NametagEdit] Loading NametagEdit v4.2.0
[12:12:05] [Server thread/INFO]: [Votifier] [Votifier] Loading Votifier v1.9
[12:12:05] [Server thread/INFO]: [Friends3_0] Loading Friends3_0 v3.0.2.5
[12:12:05] [Server thread/INFO]: [FastAsyncWorldEdit] Loading FastAsyncWorldEdit v18.04.27-2ec9a92-1089-19.5.23
[12:12:05] [Server thread/INFO]: [iDisguise] Loading iDisguise v5.6.4
[12:12:05] [Server thread/INFO]: [HeadDrops] Loading HeadDrops v2.0
[12:12:05] [Server thread/INFO]: [PermissionsEx] Loading PermissionsEx v1.23.4
[12:12:05] [Server thread/INFO]: [PlayerNameSigns] Loading PlayerNameSigns v1.0
[12:12:05] [Server thread/INFO]: [ViaVersion] Loading ViaVersion v1.3.0
[12:12:05] [Server thread/INFO]: [ViaVersion] ViaVersion 1.3.0 is now loaded, waiting for boot. (late-bind)
[12:12:05] [Server thread/INFO]: [Hats] Loading Hats v1.6
[12:12:05] [Server thread/INFO]: [Vault] Loading Vault v1.5.6-b49
[12:12:05] [Server thread/INFO]: [Announcements] Loading Announcements v1.0
[12:12:05] [Server thread/INFO]: [StaffPlus] Loading StaffPlus v3.2.5.1
[12:12:05] [Server thread/INFO]: [ViaBackwards] Loading ViaBackwards v2.3.1
[12:12:05] [Server thread/INFO]: [ViaRewind] Loading ViaRewind v1.3.5
[12:12:05] [Server thread/INFO]: [WorldEdit] Loading WorldEdit v6.1.7;dd00bb1
[12:12:05] [Server thread/INFO]: [Essentials] Loading Essentials v2.15.0.1
[12:12:05] [Server thread/INFO]: [PerWorldInventory] Loading PerWorldInventory v1.11.5
[12:12:05] [Server thread/INFO]: [PlotSquared] Loading PlotSquared v18.04.28-154bad6-1983
[12:12:05] [Server thread/INFO]: [Marriage] Loading Marriage v2.0.17
[12:12:05] [Server thread/INFO]: [Marriage] Completed plugin pre-load stage.
[12:12:05] [Server thread/INFO]: [Multiverse-Core] Loading Multiverse-Core v2.5-b719
[12:12:05] [Server thread/INFO]: [ProtocolLib] Loading ProtocolLib v4.3.0
[12:12:05] [Server thread/WARN]: [ProtocolLib] Version (MC: 1.12.2) has not yet been tested! Proceed with caution.
[12:12:05] [Server thread/INFO]: [WorldGuard] Loading WorldGuard v6.2.1;84bc322
[12:12:05] [Server thread/INFO]: [Vote] Loading Vote v2.0.1
[12:12:05] [Server thread/INFO]: [Citizens] Loading Citizens v2.0.22-SNAPSHOT (build 1537)
[12:12:05] [Server thread/INFO]: [Sentinel] Loading Sentinel v1.4.5 (build 155)
[12:12:05] [Server thread/INFO]: [ChestCommands] Loading ChestCommands v3.1.4
[12:12:05] [Server thread/INFO]: [DiscordSRV] Loading DiscordSRV v1.16.1
[12:12:05] [Server thread/INFO]: [CrazyAuctions] Loading CrazyAuctions v1.2.4
[12:12:05] [Server thread/INFO]: [EssentialsChat] Loading EssentialsChat v2.15.0.1
[12:12:05] [Server thread/INFO]: [INFO] [TrollCommands++] Enabling support for iDisguise.
[12:12:05] [Server thread/INFO]: [INFO] [TrollCommands++] Enabling support for ProtocolLib.
[12:12:05] [Server thread/INFO]: [WARN] [TrollCommands++] PowerNBT was not found. The /troll attachcommand command has been disabled.
[12:12:06] [Server thread/INFO]: [SuperVanish] Loading SuperVanish v6.0.5
[12:12:06] [Server thread/INFO]: [EssentialsSpawn] Loading EssentialsSpawn v2.15.0.1
[12:12:06] [Server thread/INFO]: [GriefPrevention] Loading GriefPrevention v16.8
[12:12:06] [Server thread/INFO]: [HolographicDisplays] Loading HolographicDisplays v2.2.6
[12:12:06] [Server thread/INFO]: Server permissions file permissions.yml is empty, ignoring it
[12:12:06] [Server thread/INFO]: [FastAsyncWorldEdit] Enabling FastAsyncWorldEdit v18.04.27-2ec9a92-1089-19.5.23
[12:12:06] [Server thread/INFO]: (FAWE) plugins\FastAsyncWorldEdit\history\Creative\ca34a678-499f-4ce4-a25e-e2232c375865\72.bd has been deleted.
[12:12:06] [Server thread/INFO]: (FAWE) plugins\FastAsyncWorldEdit\history\Creative\ca34a678-499f-4ce4-a25e-e2232c375865\73.bd has been deleted.
[12:12:06] [Server thread/INFO]: (FAWE) plugins\FastAsyncWorldEdit\history\Creative\ca34a678-499f-4ce4-a25e-e2232c375865\74.bd has been deleted.
[12:12:06] [Server thread/INFO]: (FAWE) plugins\FastAsyncWorldEdit\history\Creative\ca34a678-499f-4ce4-a25e-e2232c375865\75.bd has been deleted.
[12:12:08] [Server thread/INFO]: [Vault] Enabling Vault v1.5.6-b49
[12:12:08] [Server thread/INFO]: [Vault] [Economy] Essentials Economy found: Waiting
[12:12:08] [Server thread/INFO]: [Vault] [Permission] PermissionsEx found: Waiting
[12:12:08] [Server thread/INFO]: [Vault] [Permission] SuperPermissions loaded as backup permission system.
[12:12:08] [Server thread/INFO]: [Vault] [Chat] PermissionsEx found: Waiting
[12:12:08] [Server thread/INFO]: [Vault] Enabled Version 1.5.6-b49
[12:12:08] [Server thread/INFO]: [ViaBackwards] Enabling ViaBackwards v2.3.1
[12:12:08] [Server thread/INFO]: [ViaRewind] Enabling ViaRewind v1.3.5
[12:12:08] [Server thread/INFO]: [PlotSquared] Enabling PlotSquared v18.04.28-154bad6-1983
[12:12:08] [Server thread/INFO]: Version is PlotSquared-18.4.28-154bad6-1983
[12:12:10] [Server thread/INFO]: [P2] Metrics enabled.
[12:12:10] [Server thread/INFO]: [P2]  PlotSquared is using online UUIDs
[12:12:10] [Server thread/INFO]: PlotSquared hooked into WorldEdit.
[12:12:10] [Server thread/INFO]: [P2] Key: plot-expiry, Value: false
[12:12:10] [Server thread/INFO]: [P2] Key: kill-road-mobs, Value: false
[12:12:10] [Server thread/INFO]: [P2] Key: kill-road-items, Value: false
[12:12:10] [Server thread/INFO]: [P2] Key: worlds, Value: false
[12:12:10] [Server thread/INFO]: [P2] Key: worldedit-restrictions, Value: true
[12:12:10] [Server thread/INFO]: [P2] Key: database-purger, Value: false
[12:12:10] [Server thread/INFO]: [P2] Key: economy, Value: true
[12:12:10] [Server thread/INFO]: [P2] Key: block-cache, Value: true
[12:12:10] [Server thread/INFO]: [P2] Key: kill-road-vehicles, Value: false
[12:12:10] [Server thread/INFO]: [P2] Key: persistent-meta, Value: true
[12:12:10] [Server thread/INFO]: [P2] Key: ban-deleter, Value: false
[12:12:10] [Server thread/INFO]: [P2] Key: updater, Value: true
[12:12:10] [Server thread/INFO]: [P2] Key: database, Value: true
[12:12:10] [Server thread/INFO]: [P2] Key: plotme-converter, Value: true
[12:12:10] [Server thread/INFO]: [P2] Key: permission-cache, Value: true
[12:12:10] [Server thread/INFO]: [P2] Key: rating-cache, Value: true
[12:12:10] [Server thread/INFO]: [P2] Key: comment-notifier, Value: false
[12:12:10] [Server thread/INFO]: [P2] Key: metrics, Value: true
[12:12:10] [Server thread/INFO]: [P2] Key: chunk-processor, Value: false
[12:12:10] [Server thread/INFO]: [P2] Key: uuid-cache, Value: true
[12:12:10] [Server thread/INFO]: [P2] Key: events, Value: true
[12:12:10] [Server thread/INFO]: [P2] Key: commands, Value: true
[12:12:10] [Server thread/INFO]: PlotSquared is now enabled
[12:12:10] [Server thread/INFO]: [P2] Metrics enabled.
[12:12:10] [Server thread/INFO]: [ProtocolLib] Enabling ProtocolLib v4.3.0
[12:12:10] [Server thread/INFO]: [ProtocolLib] Started structure compiler thread.
[12:12:10] [Server thread/INFO]: **** Beginning UUID conversion, this may take A LONG time ****
[12:12:10] [Server thread/INFO]: Preparing level "Survival"
[12:12:10] [Server thread/INFO]: -------- World Settings For [Survival] --------
[12:12:10] [Server thread/INFO]: Item Merge Radius: 3.5
[12:12:10] [Server thread/INFO]: Item Despawn Rate: 6000
[12:12:10] [Server thread/INFO]: View Distance: 4
[12:12:10] [Server thread/INFO]: Allow Zombie Pigmen to spawn from portal blocks: true
[12:12:10] [Server thread/INFO]: Arrow Despawn Rate: 1200
[12:12:10] [Server thread/INFO]: Experience Merge Radius: 6.0
[12:12:10] [Server thread/INFO]: Custom Map Seeds:  Village: 10387312 Feature: 14357617 Monument: 10387313 Slime: 987234911
[12:12:10] [Server thread/INFO]: Zombie Aggressive Towards Villager: true
[12:12:10] [Server thread/INFO]: Cactus Growth Modifier: 100%
[12:12:10] [Server thread/INFO]: Cane Growth Modifier: 100%
[12:12:10] [Server thread/INFO]: Melon Growth Modifier: 100%
[12:12:10] [Server thread/INFO]: Mushroom Growth Modifier: 100%
[12:12:10] [Server thread/INFO]: Pumpkin Growth Modifier: 100%
[12:12:10] [Server thread/INFO]: Sapling Growth Modifier: 100%
[12:12:10] [Server thread/INFO]: Wheat Growth Modifier: 100%
[12:12:10] [Server thread/INFO]: NetherWart Growth Modifier: 100%
[12:12:10] [Server thread/INFO]: Vine Growth Modifier: 100%
[12:12:10] [Server thread/INFO]: Cocoa Growth Modifier: 100%
[12:12:10] [Server thread/INFO]: Hopper Transfer: 24 Hopper Check: 24 Hopper Amount: 3
[12:12:10] [Server thread/INFO]: Mob Spawn Range: 3
[12:12:10] [Server thread/INFO]: Random Lighting Updates: false
[12:12:10] [Server thread/INFO]: Structure Info Saving: true
[12:12:10] [Server thread/INFO]: Entity Tracking Range: Pl 48 / An 48 / Mo 48 / Mi 32 / Other 64
[12:12:10] [Server thread/INFO]: Entity Activation Range: An 6 / Mo 16 / Mi 2 / Tiv true
[12:12:10] [Server thread/INFO]: Max TNT Explosions: 100
[12:12:10] [Server thread/INFO]: Tile Max Tick Time: 50ms Entity max Tick Time: 50ms
[12:12:10] [Server thread/INFO]: Nerfing mobs spawned from spawners: false
[12:12:10] [Server thread/INFO]: BukkitPlotGenerator does not fully support: null
[12:12:10] [Server thread/INFO]: Preparing start region for level 0 (Seed: 3338580988281408739)
[12:12:11] [Server thread/INFO]: [Wild] Enabling Wild v3.13.1
[12:12:11] [Server thread/INFO]: [Wild] GriefPrevention hook enabled
[12:12:11] [Server thread/INFO]: [Wild] Already Converted
[12:12:11] [Server thread/INFO]: [Wild] Changes from version 3.11.0 to 3.12.0 include: +
* Reworked gui +
* Fixed NPE from refundPlayer
[12:12:11] [Server thread/INFO]: [ClearLag] Enabling ClearLag v2.9.7
[12:12:11] [Server thread/INFO]: [ClearLag] Loading modules...
[12:12:11] [Server thread/INFO]: [ClearLag] Modules enabed, loading config values
[12:12:11] [Server thread/INFO]: [ClearLag] Modules have been loaded!
[12:12:11] [Server thread/INFO]: [ClearLag] Clearlag is now enabled!
[12:12:11] [Server thread/INFO]: [TumbleCraftAdminSummon] Enabling TumbleCraftAdminSummon v1.0
[12:12:11] [Thread-9/INFO]: [ClearLag] Checking for updates compatible with your bukkit version [1.12]...
[12:12:11] [Server thread/INFO]: [TumbleCraftAdminSummon] TumbleCraftAdminSummon Enabled.
[12:12:11] [Server thread/INFO]: [PlugMan] Enabling PlugMan v2.1.4
[12:12:11] [Server thread/INFO]: [AdvancedBan] Enabling AdvancedBan v2.1.4-RELEASE
[12:12:12] [Server thread/INFO]: [hsqldb.db.HSQLDB62D4F54762.ENGINE] checkpointClose start
[12:12:12] [Server thread/INFO]: [hsqldb.db.HSQLDB62D4F54762.ENGINE] checkpointClose synched
[12:12:12] [Server thread/INFO]: [hsqldb.db.HSQLDB62D4F54762.ENGINE] checkpointClose script done
[12:12:12] [Server thread/INFO]: [hsqldb.db.HSQLDB62D4F54762.ENGINE] checkpointClose end
[12:12:12] [Server thread/INFO]: 
[12:12:12] [Server thread/INFO]:  
[12:12:12] [Server thread/INFO]: []=====[Enabling AdvancedBan]=====[]
[12:12:12] [Server thread/INFO]: | Information:
[12:12:12] [Server thread/INFO]: |   Name: AdvancedBan
[12:12:12] [Server thread/INFO]: |   Developer: Leoko
[12:12:12] [Server thread/INFO]: |   Version: 2.1.4-RELEASE
[12:12:12] [Server thread/INFO]: |   Storage: HSQLDB (local)
[12:12:12] [Server thread/INFO]: | Support:
[12:12:12] [Server thread/INFO]: |   Skype: Leoko33
[12:12:12] [Server thread/INFO]: |   Mail: Leoko4433@gmail.com
[12:12:12] [Server thread/INFO]: | Update:
[12:12:12] [Server thread/INFO]: |   There is a new version available! [2.1.3-RELEASE]
[12:12:12] [Server thread/INFO]: []================================[]
[12:12:12] [Server thread/INFO]:  
[12:12:12] [Server thread/INFO]: [NametagEdit] Enabling NametagEdit v4.2.0
[12:12:12] [Server thread/INFO]: [NametagEdit] Found PermissionsEx! Hooking in.
[12:12:12] [Server thread/INFO]: [Votifier] [Votifier] Enabling Votifier v1.9
[12:12:12] [Server thread/INFO]: [Votifier] [Votifier] Votifier enabled.
[12:12:12] [Server thread/INFO]: [Friends3_0] Enabling Friends3_0 v3.0.2.5
[12:12:13] [Thread-9/INFO]: [ClearLag] No updates found!
[12:12:13] [Server thread/INFO]: Friends | A new update is available!
[12:12:13] [Server thread/INFO]: Friends | Please update your plugin!
[12:12:13] [Server thread/INFO]: Friends | You will get no support for this version!
[12:12:13] [Server thread/INFO]: Friends | The plugin was successfully loaded! < FlatFile >
[12:12:13] [Server thread/INFO]: [iDisguise] Enabling iDisguise v5.6.4
