00:00 TumbleGamer:  placed a sign @ Survival: x113, z544
  Co-Owner
00:00 TumbleGamer:  placed a sign @ Survival: x143, z544
  Owner
00:00 TumbleGamer: tp DrBatmanWho TumbleGamer
00:10 TumbleGamer: ./npc create bob --type Villager
00:12 TumbleGamer: ./back
00:17 TumbleGamer: !!!!!
00:17 xValtrux   : no stress xD
00:17 DrBatmanWho: mannn hahahaha so much bomb
00:20 xValtrux   : lol
00:20 xValtrux   : aww ur npc's fall trough
00:21 xValtrux   : beautifull
00:22 xValtrux   : doct
00:22 DrBatmanWho: yeah?
00:22 xValtrux   : come /spawn
00:22 DrBatmanWho: woah
00:23 TumbleGamer: if you want to summon one of use use §e/tg§r and §9/dbw
00:24 xValtrux   : rip eyes xD
00:24 DrBatmanWho: woah
00:25 xValtrux  : and now u have an invis spawn
00:27 xValtrux  : Now its litteraly a spawn xD
00:31 TumbleGamer: ./tg and /dbw should now work
00:33 DrBatmanWho: wuh
00:33 DrBatmanWho: /r 
00:33 DrBatmanWho: hi
00:33 DrBatmanWho: /r hi 
00:36 xValtrux   : im off to bed
00:36 xValtrux   : gn guys
00:36 DrBatmanWho: bye
00:39 DrBatmanWho: gm c
00:41 TumbleGamer: exit
00:41 TumbleGamer: clear
00:43 TumbleGamer: clear
00:48 TumbleGamer: hi
00:49 TumbleGamer: hello
00:49 TumbleGamer: hello
00:51 TumbleGamer: hello
00:53 TumbleGamer: hello
00:53 TumbleGamer: speak
01:21 TumbleGamer: fdgdfsgdf
01:21 TumbleGamer: fdgdfsgdf
01:21 TumbleGamer: fdgdfsgdf
01:21 TumbleGamer: fdgdfsgdft
01:22 TumbleGamer: fdgdfsgdft
01:22 TumbleGamer: fdgdfsgdft
01:22 TumbleGamer: fdgdfsgdft
01:22 TumbleGamer: fdgdfsgdft
01:22 TumbleGamer: fdgdfsgdft
01:22 TumbleGamer: fdgdfsgdft
01:22 TumbleGamer: fdgdfsgdft
01:22 TumbleGamer: fdgdfsgdft
01:22 TumbleGamer: fdgdfsgdft
01:22 TumbleGamer: fdgdfsgdftt
01:22 TumbleGamer: fdgdfsgdfttt
01:22 TumbleGamer: fdgdfsgdfttt
01:22 TumbleGamer: fdgdfsgdfttt
01:22 TumbleGamer: fdgdfsgdftttt
01:22 TumbleGamer: fdgdfsgdfttttt
01:22 TumbleGamer: t
01:22 TumbleGamer: jfkljfklsfjafkljsdfklfjadkljasfdkljasfkldjasfkljdfd;sjaflkdjsa;fjd;asjfd;lsajfkdl;sajfkdl;asjfkd;lasjfdas
01:22 TumbleGamer: jfkljfklsfjafkljsdfklfjadkljasfdkljasfkldjasfkljdfd;sjaflkdjsa;fjd;asjfd;lsajfkdl;sajfkdl;asjfkd;lasjfdas
01:22 TumbleGamer: jfkljfklsfjafkljsdfklfjadkljasfdkljasfkldjasfkljdfd;sjaflkdjsa;fjd;asjfd;lsajfkdl;sajfkdl;asjfkd;lasjfdas
01:22 TumbleGamer: jfkljfklsfjafkljsdfklfjadkljasfdkljasfkldjasfkljdfd;sjaflkdjsa;fjd;asjfd;lsajfkdl;sajfkdl;asjfkd;lasjfdas
01:22 TumbleGamer: jfkljfklsfjafkljsdfklfjadkljasfdkljasfkldjasfkljdfd;sjaflkdjsa;fjd;asjfd;lsajfkdl;sajfkdl;asjfkd;lasjfdas
01:22 TumbleGamer: jfkljfklsfjafkljsdfklfjadkljasfdkljasfkldjasfkljdfd;sjaflkdjsa;fjd;asjfd;lsajfkdl;sajfkdl;asjfkd;lasjfdas
01:22 TumbleGamer: jfkljfklsfjafkljsdfklfjadkljasfdkljasfkldjasfkljdfd;sjaflkdjsa;fjd;asjfd;lsajfkdl;sajfkdl;asjfkd;lasjfdas
01:22 TumbleGamer: jfkljfklsfjafkljsdfklfjadkljasfdkljasfkldjasfkljdfd;sjaflkdjsa;fjd;asjfd;lsajfkdl;sajfkdl;asjfkd;lasjfdas
01:22 TumbleGamer: jfkljfklsfjafkljsdfklfjadkljasfdkljasfkldjasfkljdfd;sjaflkdjsa;fjd;asjfd;lsajfkdl;sajfkdl;asjfkd;lasjfdast
01:22 TumbleGamer: t
01:22 TumbleGamer: tt
01:22 TumbleGamer: jfkljfklsfjafkljsdfklfjadkljasfdkljasfkldjasfkljdfd;sjaflkdjsa;fjd;asjfd;lsajfkdl;sajfkdl;asjfkd;lasjfdastt
01:22 TumbleGamer: jfkljfklsfjafkljsdfklfjadkljasfdkljasfkldjasfkljdfd;sjaflkdjsa;fjd;asjfd;lsajfkdl;sajfkdl;asjfkd;lasjfdastt
01:22 TumbleGamer: jfkljfklsfjafkljsdfklfjadkljasfdkljasfkldjasfkljdfd;sjaflkdjsa;fjd;asjfd;lsajfkdl;sajfkdl;asjfkd;lasjfdasttt
01:22 TumbleGamer: t
01:22 TumbleGamer: tt
01:22 TumbleGamer: jfkljfklsfjafkljsdfklfjadkljasfdkljasfkldjasfkljdfd;sjaflkdjsa;fjd;asjfd;lsajfkdl;sajfkdl;asjfkd;lasjfdastttt
01:22 TumbleGamer: jfkljfklsfjafkljsdfklfjadkljasfdkljasfkldjasfkljdfd;sjaflkdjsa;fjd;asjfd;lsajfkdl;sajfkdl;asjfkd;lasjfdasttttt
01:23 TumbleGamer: hi
01:28 DrBatmanWho: gamemode c
01:43 TumbleGamer:  placed a sign @ Survival: x-73, z33
  [Warp]
  spawn
01:44 TumbleGamer:  placed a sign @ Survival: x-73, z33
  [Spawn]
01:45 TumbleGamer:  placed a sign @ Survival: x-73, z33
  [Spawn]
01:45 TumbleGamer:  placed a sign @ Survival: x-73, z33
  [warp]
  spawn
01:46 TumbleGamer:  placed a sign @ Survival: x-73, z33
  [warp]
  spawn
01:46 TumbleGamer:  placed a sign @ Survival: x110, z544
  [warp]
  drcraft-spawn
01:46 TumbleGamer:  placed a sign @ Survival: x109, z534
  [info]
01:47 TumbleGamer:  placed a sign @ Survival: x109, z534
  p
01:47 TumbleGamer:  placed a sign @ Survival: x109, z534
  [time]
01:48 TumbleGamer:  placed a sign @ Survival: x109, z534
  [time]
  night
01:53 TumbleGamer:  placed a sign @ Survival: x152, z462
  Best jail ever
02:12 DrBatmanWho: 0: '351:1' 1: '351:15' 2: '351:1' 3: '351:15' 4: '349:3' 5: '351:15' 6: '351:1' 7: '351:15' 8: '351:1'
02:18 TumbleGamer: dfasda
02:18 TumbleGamer: dsafdsafdas
02:18 TumbleGamer: df\adsfasfsd
02:18 TumbleGamer: dsfasfd/sa
02:19 DrBatmanWho: t
02:19 DrBatmanWho: /t fgkkekrkkrtkrtkrt 
02:20 DrBatmanWho: t
18:00 TumbleGamer: hello
18:09 TumbleGamer: hiw
18:19 TumbleGamer: hello
18:35 TumbleGamer: /w 
20:09 TumbleGamer: hi
20:22 DrBatmanWho: erm
20:22 DrBatmanWho: only one online haha
20:23 DrBatmanWho: i can come onli e now
20:24 DrBatmanWho: the portals unliked
20:27 TumbleGamer: do /vote and vote for use
20:27 TumbleGamer: do /vote and vote for us
20:28 TumbleGamer: ?
20:29 DrBatmanWho: drod
20:29 DrBatmanWho: wherw aw toy
20:29 DrBatmanWho: where are you
20:30 DrBatmanWho: there
20:30 TumbleGamer: am i disguised?
20:30 DrBatmanWho: where is builder man
20:30 DrBatmanWho: yes
20:30 DrBatmanWho: youre wearing a skin
20:31 DrBatmanWho: i wll have a nice stay thank you
20:31 TumbleGamer: if you ever want to employ somone do /builder or /admin or /mod
20:31 TumbleGamer: speak
20:32 DrBatmanWho: why do you keep chaniugn my grouop
20:32 TumbleGamer: speeak now
20:32 DrBatmanWho: hi
20:32 TumbleGamer: and now?
20:32 DrBatmanWho: ddeeerrrr der derderee dedederderdeerrrdededddedddeeeeeddeededddddeeederderderderderdeerrederrderereddgfrr ereddereer
20:34 DrBatmanWho: ping TumbleGame
20:34 TumbleGamer: hi also i disabled swearing
20:35 DrBatmanWho: i wouldnt swear anyway
20:35 TumbleGamer: also goto /gm s and do /spawn and practice being a normal user
20:35 DrBatmanWho: erm
20:35 TumbleGamer: also clear inventory befor doing so
20:36 DrBatmanWho: oh im alex
20:37 DrBatmanWho: right ho
20:37 DrBatmanWho: bye
20:37 TumbleGamer: stop wearing amour
20:37 TumbleGamer: also yyou cannot break block unrtil it says you can buld now
20:38 DrBatmanWho: i will miss you haha
20:38 TumbleGamer: start with /wild
20:38 TumbleGamer: and that too
20:39 DrBatmanWho: farwell
20:39 DrBatmanWho: and bye for real.
21:44 DrBatmanWho: hi
21:45 TumbleGamer: hello
22:16 DrBatmanWho: are you here
22:16 TumbleGamer: yes
22:16 DrBatmanWho: where
22:17 DrBatmanWho: jello
22:17 DrBatmanWho: if i dont know where you are theres no point in me being on the server.
22:17 DrBatmanWho: wow
22:18 DrBatmanWho: thanks
22:19 DrBatmanWho: i hangoutsd you
22:22 DrBatmanWho: it wont let me craft
22:22 DrBatmanWho: how to craft
22:23 TumbleGamer: right click crafting table
22:23 DrBatmanWho: theres no crafting
22:23 TumbleGamer: there is
22:24 TumbleGamer: it said then DrBatmanWho issued server command: /i mean cannot make wooden axe
22:24 DrBatmanWho: i thoughtt that might work
22:27 DrBatmanWho: hi
22:28 DrBatmanWho: hi
22:28 TumbleGamer: can you craft?
22:28 DrBatmanWho: i had the wrong ingredients silly me
22:28 TumbleGamer: please stop wearing my head
22:28 DrBatmanWho: i like it
22:29 TumbleGamer: do /kit
22:29 DrBatmanWho: cant see
22:30 DrBatmanWho: i cant see a thing
22:31 TumbleGamer: its night time
22:31 TumbleGamer: wait there while i set something
22:34 TumbleGamer: do /kist
22:34 TumbleGamer: do /kits
22:34 TumbleGamer: woah muted
22:34 DrBatmanWho: you muted me?
22:34 DrBatmanWho: why?
22:34 TumbleGamer: no
22:34 TumbleGamer: its auto
22:34 TumbleGamer: but i can see it still
22:35 DrBatmanWho: how was it muted
22:35 TumbleGamer: i can send you the list of words it detects for
22:35 TumbleGamer: is your head in your invrntory
22:36 DrBatmanWho: can you get a bucket pleae
22:36 DrBatmanWho: to help me down
22:36 TumbleGamer: you should have /sethome at the bottom
22:36 DrBatmanWho: telport me to you please
22:37 TumbleGamer: do /kit
22:37 TumbleGamer: please
22:37 DrBatmanWho: thanks
22:37 DrBatmanWho: how did it miss one
22:37 DrBatmanWho: can you fill that gap please
22:37 DrBatmanWho: it missed one
22:37 DrBatmanWho: aaaaagghh
22:38 DrBatmanWho: thanks
22:38 DrBatmanWho: gonna get a cave
22:38 TumbleGamer: please do /kit
22:38 DrBatmanWho: how to claim
22:38 TumbleGamer: place a chest
22:38 DrBatmanWho: ok
22:39 TumbleGamer: also please do /kit
22:39 DrBatmanWho: home
22:40 TumbleGamer: did you set a home
22:40 TumbleGamer: its /home
22:40 TumbleGamer: also you would of have to of done /set home
22:40 DrBatmanWho: you do not have access to that command
22:40 DrBatmanWho: i did /set hoe
22:40 DrBatmanWho: home
22:40 TumbleGamer: also you would of have to of done /sethome
22:41 TumbleGamer: also you would of have to of done /sethome §ebefore hand
22:41 DrBatmanWho: i did do that
22:41 DrBatmanWho: it says i have insuffient permissions
22:42 TumbleGamer: wait there
22:46 DrBatmanWho: erm
22:47 DrBatmanWho: yay
22:49 DrBatmanWho: erm
22:49 TumbleGamer: hi
22:54 DrBatmanWho: not fair!!!
22:54 TumbleGamer: whats not for
22:54 TumbleGamer: whats not fair
22:55 TumbleGamer: woah
22:55 DrBatmanWho: what
22:56 TumbleGamer: also please do /kit
22:56 DrBatmanWho: stopppp
22:56 TumbleGamer: do /kit
22:57 TumbleGamer: do /kit
22:57 TumbleGamer: do /kit
22:58 TumbleGamer: do /kit
22:58 TumbleGamer: do /kit
22:58 TumbleGamer: do /kit'
22:58 TumbleGamer: do /kit'
22:58 TumbleGamer: do /kit'
22:58 TumbleGamer: do /kit
22:59 TumbleGamer: /msg DrBatmanWho hello 
23:00 DrBatmanWho: thanks
23:01 TumbleGamer: no
23:01 DrBatmanWho: what
23:01 DrBatmanWho: you took my inventory
23:02 DrBatmanWho: give it back please
23:06 TumbleGamer: i built a dam by a rivger
23:06 TumbleGamer: i built a dam by a river
23:07 TumbleGamer: i built a dam by a river
23:14 DrBatmanWho: why arent you in surival too
23:15 TumbleGamer: have you /voted
23:16 TumbleGamer: ./vote please to get diamonds
23:19 DrBatmanWho: bookshelf
23:19 TumbleGamer: ./i
23:19 TumbleGamer: please do /kit
23:19 TumbleGamer: and then kit lists kits
23:19 TumbleGamer: then do /kit <kitname>
23:20 TumbleGamer: please /vote
23:24 TumbleGamer: hi
23:26 TumbleGamer: .
23:27 DrBatmanWho: hi
23:44 SaltyTaco23: Hello
23:44 TumbleGamer: hello
23:44 DrBatmanWho: hi!
23:44 TumbleGamer: how did you find us
23:45 SaltyTaco23: minecraftservers org
23:45 DrBatmanWho: welcome to tumblecraft
23:45 SaltyTaco23: thanks
