01:04 twinsane1029: yo yo :o
01:04 getmemoney  : hi
01:45 twinsane1029:  placed a sign @ Survival: x162, z820
  cave under here
  |
  V
01:48 twinsane1029:  placed a sign @ Survival: x135, z807
  hey guys <3
  did some work
  around here
  for yall
01:49 twinsane1029:  placed a sign @ Survival: x134, z808
  an upstairs +
  basement
  + a mine w a cave
  at the end :3c
01:50 twinsane1029:  placed a sign @ Survival: x133, z808
  ps i forgot 
  ashlyn's user
  nd couldnt add to
  resized plot :(
15:19 TumbleGamer:  placed a sign @ staff: x1826, z-742
  §4§l[Owner] §e
  §eTumbleGamer
15:19 TumbleGamer:  placed a sign @ staff: x1826, z-746
  §c[Admin] §r
  §rDrBatmanWho
15:20 TumbleGamer:  placed a sign @ staff: x1838, z-734
  §7xv
15:20 TumbleGamer:  placed a sign @ staff: x1838, z-734
  §a[Builder] §r
  §rxValtrux
15:23 TumbleGamer:  placed a sign @ staff: x1826, z-742
  §4[Owner] §b
  §bTumbleGamer
15:23 TumbleGamer:  placed a sign @ staff: x1826, z-742
  §4[Owner] §c
  §cTumbleGamer
15:23 TumbleGamer: hi
15:23 TumbleGamer:  placed a sign @ staff: x1826, z-746
  §c[Admin] 
  §cDrBatmanWho
15:31 TumbleGamer: hi
15:32 TumbleGamer: hi
15:33 TumbleGamer: hello
19:58 TumbleGamer:  placed a sign @ staff: x1835, z-744
  [warp]
  spawn
