17:03 TumbleGamer: worldguard:region flag spawn mob-spawning deny
17:34 TumbleGamer: hi
17:34 TumbleGamer: hi
17:35 TumbleGamer: hi
17:37 TumbleGamer: hi
17:43 TumbleGamer: hi
17:50 TumbleGamer: hi
17:51 TumbleGamer: hi
17:53 TumbleGamer: hi
18:37 TumbleGamer: hello
18:39 TumbleGamer: hi
18:41 TumbleGamer: hi
18:44 TumbleGamer: pex
18:48 TumbleGamer: hi
18:50 TumbleGamer: hi
18:53 TumbleGamer: hi
19:00 TumbleGamer: hi
19:01 TumbleGamer: hi
19:01 TumbleGamer: hi
19:01 TumbleGamer: hi
19:02 TumbleGamer: hi
19:02 TumbleGamer: hi
19:04 TumbleGamer: hi
19:06 TumbleGamer: h
19:13 TumbleGamer: hi
19:14 TumbleGamer: hi
19:16 TumbleGamer: hi
19:16 TumbleGamer: hi
19:18 TumbleGamer: hi
19:22 TumbleGamer: hi
19:24 TumbleGamer: hi
19:26 TumbleGamer: sdafds
19:26 TumbleGamer: asfd
19:26 TumbleGamer: DFKJFKLFJDSFLDS
19:26 TumbleGamer: crap
19:26 TumbleGamer: no
19:26 TumbleGamer: asfdsfadsa
19:26 TumbleGamer: asfdsafdsa
19:26 TumbleGamer: fuck
19:26 TumbleGamer: dafdsfafdsa
19:26 TumbleGamer: dsafdsfads
19:26 TumbleGamer: asfdsaf
19:28 TumbleGamer: reload
19:28 TumbleGamer: hi
19:28 TumbleGamer: hi
19:29 TumbleGamer: dfsggd/
19:29 TumbleGamer: fdsgfs'
19:29 TumbleGamer: dshfsg
19:29 TumbleGamer: fdsgfg
19:29 TumbleGamer: dfhsf
19:29 TumbleGamer: hi
19:30 TumbleGamer: hi
19:30 TumbleGamer: hi
19:31 TumbleGamer: hi
19:32 TumbleGamer: hi
19:33 TumbleGamer: hi
19:33 TumbleGamer: i
19:34 TumbleGamer: hi
19:35 TumbleGamer: hi
19:36 TumbleGamer: hi
19:37 TumbleGamer: hi
19:38 TumbleGamer: hi
19:39 TumbleGamer: dfgdfgdfgd
19:39 TumbleGamer: gsdfgsgdf
19:39 TumbleGamer: hi
19:39 TumbleGamer: HFDSFDAFDASFJKSFAJDSKLAFDSHFAKJSDHKFAHDKJSHAFKJHDSKJAHFLDKJLSHAFKJLDSAHFJKDLSHAFKJDLSHAFKJLDHSJAHFLDJSKFL
19:44 TumbleGamer: hi
19:45 TumbleGamer: hi
19:45 TumbleGamer: hi
19:50 TumbleGamer: hi
19:58 TumbleGamer: hi
19:59 TumbleGamer: hi
19:59 TumbleGamer: hi
19:59 TumbleGamer: hi
19:59 TumbleGamer: hi
20:00 TumbleGamer: hi
20:02 TumbleGamer: hi
20:02 TumbleGamer: hi
20:03 TumbleGamer: hi
20:03 TumbleGamer: hi
20:04 TumbleGamer: hi
20:04 TumbleGamer: hi
20:04 TumbleGamer: hi
20:04 TumbleGamer: hi
20:05 TumbleGamer: hi
20:08 TumbleGamer: hi
20:08 TumbleGamer: hi
20:32 TumbleGamer: toggle path
20:36 TumbleGamer: toggle path
20:36 TumbleGamer: toggle path
20:36 TumbleGamer: toggle path
20:37 TumbleGamer: hi @e
23:03 TumbleGamer: hello
23:03 xValtrux   : heya
23:03 TumbleGamer: so, how did you find this server?
23:03 xValtrux   : Pmc
23:04 TumbleGamer: ok
23:06 xValtrux   : want me to help ?
23:07 TumbleGamer: sure
23:07 TumbleGamer: if you want
23:08 xValtrux   : with what do u want me to help
23:08 TumbleGamer: what can you do?
23:08 xValtrux   : pretty much everything xD
23:09 xValtrux   : your call
23:10 TumbleGamer: are you good at building?
23:11 xValtrux   : I can yh, but i rather is World edit with it since it makes terain ez
23:11 xValtrux   : use *
23:11 TumbleGamer: i am adding world edit to permitions
23:12 xValtrux   : u can just do /op xvaltrux
23:12 TumbleGamer: that would allow everything though
23:12 xValtrux   : its not like i can do anything wrong xD
23:12 TumbleGamer: i could do worldedit.*
23:13 TumbleGamer: you can now world edit
23:13 xValtrux   : can i use /gamemode 1
23:13 TumbleGamer: yes
23:13 xValtrux   : nah dont have the perms
23:14 TumbleGamer: wait but a added essentials gamemode
23:15 xValtrux   : like i said, its easyer to do /op xValtrux
23:16 TumbleGamer: try now
23:17 TumbleGamer: /msg TumbleGamer hi 
23:19 xValtrux   : cant build here
23:19 TumbleGamer: there we go
23:20 xValtrux   : i need the permission node: fawe adin
23:20 xValtrux   : admin *
23:20 xValtrux   : fawe admin
23:21 TumbleGamer: fawe.admin added
23:21 xValtrux   : ok ty
23:22 TumbleGamer: /msg DrBatmanWho hello 
23:22 TumbleGamer: /msg DrBatmanWho meet our new builder 
23:22 DrBatmanWho: thats me
23:22 DrBatmanWho: what is going on
23:22 DrBatmanWho: how are there two of me
23:22 TumbleGamer: what do you mean what is going on
23:23 TumbleGamer: its basicly a statue
23:23 DrBatmanWho: did you steal my identiyu
23:23 DrBatmanWho: how do i change my skin in this version
23:23 DrBatmanWho: i know how to in win 10
23:24 TumbleGamer: /msg DrBatmanWho stand next to "you" and type /npc select 
23:24 xValtrux   : ez teraining u see
23:24 DrBatmanWho: what and who isthis
23:24 DrBatmanWho: hello?
23:24 xValtrux   : hello
23:24 DrBatmanWho: who are you?
23:24 xValtrux   : random who joined
23:24 TumbleGamer: are new builder
23:24 DrBatmanWho: hello there!
23:24 TumbleGamer: i need to add a space to the admin prefix
23:25 TumbleGamer: /msg DrBatmanWho stand next to "you" and type /npc select 
23:26 TumbleGamer: /msg DrBatmanWho after doing that stand somewahre and do /npc tphere 
23:26 TumbleGamer: /msg DrBatmanWho but... 
23:26 TumbleGamer: /msg DrBatmanWho fist stamnd next to "you" and type /npc select 
23:27 TumbleGamer: /msg DrBatmanWho fist stamnd next to "you" and type /npc select 
23:27 xValtrux   : U would like something like htis ?
23:27 DrBatmanWho: woah a cave
23:27 TumbleGamer: /msg DrBatmanWho what do you think , its your server too 
23:27 DrBatmanWho: i approve, sir/madam
23:27 DrBatmanWho: good work
23:27 TumbleGamer: /msg DrBatmanWho its our server 
23:28 DrBatmanWho: i was talking to the new guy
23:29 DrBatmanWho: was it just a compeltely random person
23:29 TumbleGamer: yes a random person who joined
23:29 DrBatmanWho: i shall call them bob
23:30 TumbleGamer: they already have a name though
23:30 DrBatmanWho: i cant rememver it
23:30 TumbleGamer: we could still though wioth /nick
23:30 TumbleGamer: you can /nick yourself too
23:32 TumbleGamer: /msg DrBatmanWho speak 
23:32 DrBatmanWho: hi
23:32 TumbleGamer: /msg DrBatmanWho speak now 
23:33 DrBatmanWho: look a war
23:33 TumbleGamer: hey
23:33 DrBatmanWho: i made a war
23:34 TumbleGamer: /msg DrBatmanWho do /vote 
23:36 DrBatmanWho: hi
23:37 TumbleGamer: /msg DrBatmanWho do /vote 
23:37 DrBatmanWho: um
23:38 DrBatmanWho: what happendd
23:38 DrBatmanWho: to the czvd
23:38 DrBatmanWho: cve
23:38 DrBatmanWho: cave
23:38 TumbleGamer: /msg DrBatmanWho you can tp to people with /tp <player> 
23:39 DrBatmanWho: where are we?!
23:40 DrBatmanWho: wow
23:41 DrBatmanWho: we appear to be trapped
23:41 TumbleGamer: /msg DrBatmanWho hangouts? 
23:41 TumbleGamer: /msg DrBatmanWho /spawn 
23:41 TumbleGamer: i might add this place as a warp
23:41 DrBatmanWho: but where is that place
23:42 DrBatmanWho: is it below
23:42 TumbleGamer: now you can see where it is
23:42 DrBatmanWho: help
23:42 DrBatmanWho: stop
23:42 DrBatmanWho: put me down
23:42 TumbleGamer: ?
23:42 TumbleGamer: its not creative mode your is spectatore
23:42 DrBatmanWho: i cant land
23:43 TumbleGamer: its so you can find out where this is
23:43 TumbleGamer: isnt that what you wanted?
23:43 DrBatmanWho: night vision
23:43 DrBatmanWho: ok
23:43 xValtrux   : oops xD
23:43 TumbleGamer: woah
23:43 DrBatmanWho: oops waht
23:43 DrBatmanWho: what
23:43 DrBatmanWho: beauty
23:43 DrBatmanWho: aww
23:43 xValtrux   : xD
23:43 DrBatmanWho: jaw has dropped
23:44 TumbleGamer: this is at §e/warp §acave
23:44 xValtrux   : Did u give me Night vision ?
23:45 TumbleGamer: i did for 99 seconds, did you want it still?
23:45 DrBatmanWho: im alone
23:45 xValtrux   : nah
23:45 TumbleGamer: ok
23:45 DrBatmanWho: helpi guess
23:45 DrBatmanWho: oh you are both still here
23:46 DrBatmanWho:  placed a sign @ Survival: x9, z1459
  CAVE
23:46 xValtrux   : i still have night vision for some reason
23:47 DrBatmanWho: SPAWN IS VERY FAR AWAY
23:47 DrBatmanWho: sorry caps
23:47 TumbleGamer: you dont as i did /effect xValtrux night_vision 0
23:47 xValtrux   : weird
23:47 DrBatmanWho: why are we so far away?<
23:47 DrBatmanWho: found a village
23:47 TumbleGamer: no caps gets removed you dont have to worrey
23:47 DrBatmanWho: can i warp this village pelase
23:48 xValtrux   : brb
23:48 TumbleGamer: to name warps: §e/createwarp §a<name>
23:48 TumbleGamer: to create warps: §e/createwarp §a<name>
23:50 DrBatmanWho: why are we so far away from spawn
23:51 TumbleGamer: i though §e/antioch§r was fake because it said §2A little suprice for operators
23:51 TumbleGamer: i though §e/antioch§r was fake because it said §2A little suprise for operators
23:52 DrBatmanWho: woah
23:52 TumbleGamer: turns out it §cdoes§r blow things up but only a §a2x2x2§r cube
23:52 xValtrux   : eww
23:52 DrBatmanWho: where /are/ we
23:52 TumbleGamer: do /whereami
23:55 TumbleGamer: /msg DrBatmanWho ever need me do /tg 
23:56 TumbleGamer: /msg DrBatmanWho ever need you do /dbw 
23:56 DrBatmanWho: did you leave
23:56 TumbleGamer: hi
23:57 xValtrux   : brb gonna restart my client
23:57 TumbleGamer:  placed a sign @ Survival: x143, z544
  &eOwner
23:57 xValtrux   : well great
23:58 TumbleGamer:  placed a sign @ Survival: x143, z544
  &eOwner
